[debug] [2024-10-20T11:51:58.100Z] ----------------------------------------------------------------------
[debug] [2024-10-20T11:51:58.101Z] Command:       /opt/homebrew/Cellar/node/22.9.0_1/bin/node /opt/homebrew/bin/firebase init
[debug] [2024-10-20T11:51:58.101Z] CLI Version:   13.6.0
[debug] [2024-10-20T11:51:58.101Z] Platform:      darwin
[debug] [2024-10-20T11:51:58.101Z] Node Version:  v22.9.0
[debug] [2024-10-20T11:51:58.102Z] Time:          Sun Oct 20 2024 13:51:58 GMT+0200 (Central European Summer Time)
[debug] [2024-10-20T11:51:58.102Z] ----------------------------------------------------------------------
[debug] 
[debug] [2024-10-20T11:51:58.105Z] > command requires scopes: ["email","openid","https://www.googleapis.com/auth/cloudplatformprojects.readonly","https://www.googleapis.com/auth/firebase","https://www.googleapis.com/auth/cloud-platform"]
[debug] [2024-10-20T11:51:58.105Z] > authorizing via signed-in user (gunes.teker@gmail.com)
[info] 
     ######## #### ########  ######## ########     ###     ######  ########
     ##        ##  ##     ## ##       ##     ##  ##   ##  ##       ##
     ######    ##  ########  ######   ########  #########  ######  ######
     ##        ##  ##    ##  ##       ##     ## ##     ##       ## ##
     ##       #### ##     ## ######## ########  ##     ##  ######  ########

You're about to initialize a Firebase project in this directory:

  /Users/gunes/Dev/Git/mypage

[info] 
=== Project Setup
[info] 
[info] First, let's associate this project directory with a Firebase project.
[info] You can create multiple project aliases by running firebase use --add, 
[info] but for now we'll just set up a default project.
[info] 
[debug] [2024-10-20T11:51:59.926Z] Using project from CLI flag: mypage-bdda7
[debug] [2024-10-20T11:51:59.928Z] > refreshing access token with scopes: []
[debug] [2024-10-20T11:51:59.930Z] >>> [apiv2][query] POST https://www.googleapis.com/oauth2/v3/token [none]
[debug] [2024-10-20T11:51:59.930Z] >>> [apiv2][body] POST https://www.googleapis.com/oauth2/v3/token [omitted]
[debug] [2024-10-20T11:52:00.078Z] <<< [apiv2][status] POST https://www.googleapis.com/oauth2/v3/token 400
[debug] [2024-10-20T11:52:00.078Z] <<< [apiv2][body] POST https://www.googleapis.com/oauth2/v3/token [omitted]
[debug] [2024-10-20T11:52:00.078Z] >>> [apiv2][query] GET https://firebase.googleapis.com/v1beta1/projects/mypage-bdda7 [none]
[debug] [2024-10-20T11:52:00.210Z] <<< [apiv2][status] GET https://firebase.googleapis.com/v1beta1/projects/mypage-bdda7 401
[debug] [2024-10-20T11:52:00.211Z] <<< [apiv2][body] GET https://firebase.googleapis.com/v1beta1/projects/mypage-bdda7 {"error":{"code":401,"message":"Request had invalid authentication credentials. Expected OAuth 2 access token, login cookie or other valid authentication credential. See https://developers.google.com/identity/sign-in/web/devconsole-project.","status":"UNAUTHENTICATED"}}
[debug] [2024-10-20T11:52:00.211Z] HTTP Error: 401, Request had invalid authentication credentials. Expected OAuth 2 access token, login cookie or other valid authentication credential. See https://developers.google.com/identity/sign-in/web/devconsole-project.
[debug] [2024-10-20T11:52:00.213Z] FirebaseError: HTTP Error: 401, Request had invalid authentication credentials. Expected OAuth 2 access token, login cookie or other valid authentication credential. See https://developers.google.com/identity/sign-in/web/devconsole-project.
    at responseToError (/opt/homebrew/lib/node_modules/firebase-tools/lib/responseToError.js:49:12)
    at RetryOperation._fn (/opt/homebrew/lib/node_modules/firebase-tools/lib/apiv2.js:299:77)
    at process.processTicksAndRejections (node:internal/process/task_queues:105:5)
[error] 
[error] Error: Failed to get Firebase project mypage-bdda7. Please make sure the project exists and your account has permission to access it.
